  PlayerModelFacingComponent.h
C:\Users\the4g\Documents\GitHub\TopDownShooter-1\VecMath.h(7,16): warning C4244: 'return': conversion from 'double' to 'float', possible loss of data
C:\Users\the4g\Documents\GitHub\TopDownShooter-1\PlayerModelFacingComponent.h(38,50): warning C4244: '=': conversion from 'const T' to 'T', possible loss of data
          with
          [
              T=float
          ]
          and
          [
              T=int
          ]
C:\Users\the4g\Documents\GitHub\TopDownShooter-1\PlayerModelFacingComponent.h(42,51): warning C4244: '=': conversion from 'const T' to 'T', possible loss of data
          with
          [
              T=float
          ]
          and
          [
              T=int
          ]
  TopDownShooter.vcxproj -> C:\Users\the4g\Documents\GitHub\TopDownShooter-1\x64\Debug\TopDownShooter.exe
